<?xml version="1.0" encoding="UTF-8"?>
<testng-results ignored="0" total="1" passed="1" failed="0" skipped="0">
  <reporter-output>
  </reporter-output>
  <suite started-at="2020-06-18T18:16:26 IST" name="Default suite" finished-at="2020-06-18T18:16:52 IST" duration-ms="26149">
    <groups>
    </groups>
    <test started-at="2020-06-18T18:16:26 IST" name="Default test" finished-at="2020-06-18T18:16:52 IST" duration-ms="26149">
      <class name="dropdown.dropdownTests">
        <test-method is-config="true" signature="setUp()[pri:0, instance:dropdown.dropdownTests@7f1302d6]" started-at="2020-06-18T18:16:26 IST" name="setUp" finished-at="2020-06-18T18:16:51 IST" duration-ms="24654" status="PASS">
          <reporter-output>
          </reporter-output>
        </test-method> <!-- setUp -->
        <test-method signature="testSelectOption()[pri:0, instance:dropdown.dropdownTests@7f1302d6]" started-at="2020-06-18T18:16:51 IST" name="testSelectOption" finished-at="2020-06-18T18:16:52 IST" duration-ms="1374" status="PASS">
          <reporter-output>
          </reporter-output>
        </test-method> <!-- testSelectOption -->
      </class> <!-- dropdown.dropdownTests -->
    </test> <!-- Default test -->
  </suite> <!-- Default suite -->
</testng-results>
