<?xml version="1.0" encoding="UTF-8"?>
<!-- Generated by org.testng.reporters.JUnitXMLReporter -->
<testsuite ignored="1" hostname="DESKTOP-3BJI8HH" failures="0" tests="1" name="Default test" time="57.84" errors="0" timestamp="2020-06-26T16:42:36 IST">
  <testcase classname="navigation.navigationTests" name="testSwitchTab" time="4.705"/>
  <testcase classname="navigation.navigationTests" name="testNavigator" time="0.0">
    <ignored/>
  </testcase> <!-- testNavigator -->
</testsuite> <!-- Default test -->
